<!DOCTYPE html PUBLIC "-//W3C//DTD XHTML 1.1//EN" "http://www.w3.org/TR/xhtml11/DTD/xhtml11.dtd">
<html xmlns="http://www.w3.org/1999/xhtml"><head><title>TestNG Report</title><style type="text/css">table {margin-bottom:10px;border-collapse:collapse;empty-cells:show}th,td {border:1px solid #009;padding:.25em .5em}th {vertical-align:bottom}td {vertical-align:top}table a {font-weight:bold}.stripe td {background-color: #E6EBF9}.num {text-align:right}.passedodd td {background-color: #3F3}.passedeven td {background-color: #0A0}.skippedodd td {background-color: #DDD}.skippedeven td {background-color: #CCC}.failedodd td,.attn {background-color: #F33}.failedeven td,.stripe .attn {background-color: #D00}.stacktrace {white-space:pre;font-family:monospace}.totop {font-size:85%;text-align:center;border-bottom:2px solid #000}</style></head><body><table><tr><th>Test</th><th># Passed</th><th># Skipped</th><th># Failed</th><th>Time (ms)</th><th>Included Groups</th><th>Excluded Groups</th></tr><tr><th colspan="7">Suite</th></tr><tr><td><a href="#t0">Test</a></td><td class="num">1</td><td class="num attn">3</td><td class="num">0</td><td class="num">478,813</td><td></td><td></td></tr></table><table><thead><tr><th>Class</th><th>Method</th><th>Start</th><th>Time (ms)</th></tr></thead><tbody><tr><th colspan="4">Suite</th></tr></tbody><tbody id="t0"><tr><th colspan="4">Test &#8212; failed (configuration methods)</th></tr><tr class="failedeven"><td rowspan="1">testScripts.DBATestScript</td><td><a href="#m0">CloseBrowser</a></td><td rowspan="1">1486043565037</td><td rowspan="1">0</td></tr><tr><th colspan="4">Test &#8212; skipped (configuration methods)</th></tr><tr class="skippedeven"><td rowspan="2">testScripts.DBATestScript</td><td><a href="#m1">CloseBrowser</a></td><td rowspan="1">1486043565909</td><td rowspan="1">0</td></tr><tr class="skippedeven"><td><a href="#m2">LaunchBrowserwithURL</a></td><td rowspan="1">1486043565889</td><td rowspan="1">0</td></tr><tr class="skippedodd"><td rowspan="4">testScripts.WebActivityTestScript</td><td><a href="#m3">CloseBrowser</a></td><td rowspan="2">1486043565934</td><td rowspan="2">0</td></tr><tr class="skippedodd"><td><a href="#m4">CloseBrowser</a></td></tr><tr class="skippedodd"><td><a href="#m5">LaunchBrowserwithURL</a></td><td rowspan="2">1486043565915</td><td rowspan="2">0</td></tr><tr class="skippedodd"><td><a href="#m6">LaunchBrowserwithURL</a></td></tr><tr><th colspan="4">Test &#8212; skipped</th></tr><tr class="skippedeven"><td rowspan="1">testScripts.DBATestScript</td><td><a href="#m7">DBACreate_TestIDNow</a></td><td rowspan="1">1486043565890</td><td rowspan="1">18</td></tr><tr class="skippedodd"><td rowspan="2">testScripts.WebActivityTestScript</td><td><a href="#m8">WebActivityCreateNew_Fail</a></td><td rowspan="1">1486043565913</td><td rowspan="1">1</td></tr><tr class="skippedodd"><td><a href="#m9">WebActivityCreateNew_Pass</a></td><td rowspan="1">1486043565916</td><td rowspan="1">17</td></tr><tr><th colspan="4">Test &#8212; passed</th></tr><tr class="passedeven"><td rowspan="1">testScripts.DBATestScript</td><td><a href="#m10">DBACreate_TestIDLater</a></td><td rowspan="1">1486043371817</td><td rowspan="1">193220</td></tr></tbody></table><h2>Test</h2><h3 id="m0">testScripts.DBATestScript#CloseBrowser</h3><table class="result"><tr><th>Exception</th></tr><tr><td><div class="stacktrace">org.openqa.selenium.remote.UnreachableBrowserException: Error communicating with the remote browser. It may have died.
Build info: version: &apos;unknown&apos;, revision: &apos;1969d75&apos;, time: &apos;2016-10-18 09:43:45 -0700&apos;
System info: host: &apos;TRICONNODE109&apos;, ip: &apos;192.168.1.54&apos;, os.name: &apos;Windows 7&apos;, os.arch: &apos;amd64&apos;, os.version: &apos;6.1&apos;, java.version: &apos;1.8.0_91&apos;
Driver info: driver.version: RemoteWebDriver
Capabilities [{applicationCacheEnabled=false, rotatable=false, mobileEmulationEnabled=false, networkConnectionEnabled=false, chrome={chromedriverVersion=2.27.440174 (e97a722caafc2d3a8b807ee115bfb307f7d2cfd9), userDataDir=C:\Windows\TEMP\scoped_dir10068_8013}, takesHeapSnapshot=true, pageLoadStrategy=normal, databaseEnabled=false, handlesAlerts=true, hasTouchScreen=false, version=55.0.2883.87, platform=XP, browserConnectionEnabled=false, nativeEvents=true, acceptSslCerts=true, locationContextEnabled=true, webStorageEnabled=true, browserName=chrome, takesScreenshot=true, javascriptEnabled=true, cssSelectorsEnabled=true, unexpectedAlertBehaviour=}]
Session ID: e28a3d1730472e91921f4f3a502a549c
	at org.openqa.selenium.remote.RemoteWebDriver.execute(RemoteWebDriver.java:622)
	at org.openqa.selenium.remote.RemoteWebDriver.execute(RemoteWebDriver.java:658)
	at org.openqa.selenium.remote.RemoteWebDriver.quit(RemoteWebDriver.java:497)
	at base.ConnectBaseSetup.CloseBrowser(ConnectBaseSetup.java:114)
Caused by: java.lang.RuntimeException: Process refused to die after 10 seconds, and couldn&apos;t taskkill it: Unable to find executable for: taskkill
	at org.openqa.selenium.os.ProcessUtils.killWinProcess(ProcessUtils.java:133)
	at org.openqa.selenium.os.ProcessUtils.killProcess(ProcessUtils.java:81)
	at org.openqa.selenium.os.UnixProcess$SeleniumWatchDog.destroyHarder(UnixProcess.java:254)
	at org.openqa.selenium.os.UnixProcess$SeleniumWatchDog.access$200(UnixProcess.java:208)
	at org.openqa.selenium.os.UnixProcess.destroy(UnixProcess.java:125)
	at org.openqa.selenium.os.CommandLine.destroy(CommandLine.java:155)
	at org.openqa.selenium.remote.service.DriverService.stop(DriverService.java:196)
	at org.openqa.selenium.remote.service.DriverCommandExecutor.execute(DriverCommandExecutor.java:94)
	at org.openqa.selenium.remote.RemoteWebDriver.execute(RemoteWebDriver.java:601)
	... 28 more
Caused by: java.lang.NullPointerException: Unable to find executable for: taskkill
	at com.google.common.base.Preconditions.checkNotNull(Preconditions.java:251)
	at org.openqa.selenium.os.UnixProcess.&lt;init&gt;(UnixProcess.java:62)
	at org.openqa.selenium.os.CommandLine.&lt;init&gt;(CommandLine.java:38)
	at org.openqa.selenium.os.WindowsUtils.killPID(WindowsUtils.java:178)
	at org.openqa.selenium.os.ProcessUtils.killWinProcess(ProcessUtils.java:128)
	... 36 more
... Removed 25 stack frames</div></td></tr></table><p class="totop"><a href="#summary">back to summary</a></p><h3 id="m1">testScripts.DBATestScript#CloseBrowser</h3><table class="result"></table><p class="totop"><a href="#summary">back to summary</a></p><h3 id="m2">testScripts.DBATestScript#LaunchBrowserwithURL</h3><table class="result"></table><p class="totop"><a href="#summary">back to summary</a></p><h3 id="m3">testScripts.WebActivityTestScript#CloseBrowser</h3><table class="result"></table><p class="totop"><a href="#summary">back to summary</a></p><h3 id="m4">testScripts.WebActivityTestScript#CloseBrowser</h3><table class="result"></table><p class="totop"><a href="#summary">back to summary</a></p><h3 id="m5">testScripts.WebActivityTestScript#LaunchBrowserwithURL</h3><table class="result"></table><p class="totop"><a href="#summary">back to summary</a></p><h3 id="m6">testScripts.WebActivityTestScript#LaunchBrowserwithURL</h3><table class="result"></table><p class="totop"><a href="#summary">back to summary</a></p><h3 id="m7">testScripts.DBATestScript#DBACreate_TestIDNow</h3><table class="result"></table><p class="totop"><a href="#summary">back to summary</a></p><h3 id="m8">testScripts.WebActivityTestScript#WebActivityCreateNew_Fail</h3><table class="result"></table><p class="totop"><a href="#summary">back to summary</a></p><h3 id="m9">testScripts.WebActivityTestScript#WebActivityCreateNew_Pass</h3><table class="result"></table><p class="totop"><a href="#summary">back to summary</a></p><h3 id="m10">testScripts.DBATestScript#DBACreate_TestIDLater</h3><table class="result"></table><p class="totop"><a href="#summary">back to summary</a></p></body></html>